2024-05-22 22:06:38,576 - Utils - DEBUG 
---------------------- RMSE ---------------------- 
[mySimilarity] RMSE: 0.2878
[Similarity_cosine] RMSE: 0.2185
[Similarity_doc_topic] RMSE: 0.3448
[Similarity_half] RMSE:  0.2985
--------------------------------------------------

2024-05-22 22:08:05,567 - Utils - DEBUG 
---------------------- RMSE ---------------------- 
[mySimilarity] RMSE: 0.2878
[Similarity_cosine] RMSE: 0.2185
[Similarity_doc_topic] RMSE: 0.3448
[Similarity_half] RMSE:  0.2985
--------------------------------------------------

2024-05-22 22:11:46,855 - Utils - DEBUG 
---------------------- RMSE ---------------------- 
[mySimilarity] RMSE: 0.2878
[Similarity_cosine] RMSE: 0.2185
[Similarity_doc_topic] RMSE: 0.3448
[Similarity_half] RMSE:  0.2985
--------------------------------------------------

2024-05-22 22:13:56,781 - Utils - DEBUG 
---------------------- RMSE ---------------------- 
[mySimilarity] RMSE: 0.2878
[Similarity_cosine] RMSE: 0.2185
[Similarity_doc_topic] RMSE: 0.3448
[Similarity_half] RMSE:  0.2985
--------------------------------------------------

2024-05-22 22:18:38,591 - Utils - DEBUG 
---------------------- RMSE ---------------------- 
[mySimilarity] RMSE: 0.2878
[Similarity_cosine] RMSE: 0.2185
[Similarity_doc_topic] RMSE: 0.6109
[Similarity_half] RMSE:  0.2985
--------------------------------------------------

2024-05-22 22:19:45,976 - Utils - DEBUG 
---------------------- RMSE ---------------------- 
[mySimilarity] RMSE: 0.2878
[Similarity_cosine] RMSE: 0.2185
[Similarity_doc_topic] RMSE: 0.3448
[Similarity_half] RMSE:  0.2985
--------------------------------------------------

2024-05-22 22:21:20,625 - Utils - DEBUG 
---------------------- RMSE ---------------------- 
[mySimilarity] RMSE: 0.2878
[Similarity_cosine] RMSE: 0.2185
[Similarity_doc_topic] RMSE: 0.3448
[Similarity_half] RMSE:  0.2985
--------------------------------------------------

2024-05-22 22:24:27,389 - Utils - DEBUG 
---------------------- RMSE ---------------------- 
[mySimilarity] RMSE: 0.2878
[Similarity_cosine] RMSE: 0.2185
[Similarity_doc_topic] RMSE: 0.3448
[Similarity_half] RMSE:  0.2985
--------------------------------------------------

2024-05-22 22:25:37,973 - Utils - DEBUG 
---------------------- RMSE ---------------------- 
[mySimilarity] RMSE: 0.2878
[Similarity_cosine] RMSE: 0.2185
[Similarity_doc_topic] RMSE: 0.3448
[Similarity_half] RMSE:  0.2985
--------------------------------------------------

2024-05-22 22:31:09,401 - Utils - DEBUG 
---------------------- RMSE ---------------------- 
[mySimilarity] RMSE: 0.2878
[Similarity_cosine] RMSE: 0.2185
[Similarity_doc_topic] RMSE: 0.3448
[Similarity_half] RMSE:  0.2985
--------------------------------------------------

2024-05-22 22:32:40,335 - Utils - DEBUG 
---------------------- RMSE ---------------------- 
[mySimilarity] RMSE: 0.2878
[Similarity_cosine] RMSE: 0.2185
[Similarity_doc_topic] RMSE: 0.3448
[Similarity_half] RMSE:  0.2985
--------------------------------------------------

2024-05-22 22:36:45,669 - Utils - DEBUG 
---------------------- RMSE ---------------------- 
[mySimilarity] RMSE: 0.2878
[Similarity_cosine] RMSE: 0.2185
[Similarity_doc_topic] RMSE: 0.3448
[Similarity_half] RMSE:  0.2985
--------------------------------------------------

2024-05-22 22:41:35,001 - Utils - DEBUG 
---------------------- RMSE ---------------------- 
[mySimilarity] RMSE: 0.2878
[Similarity_cosine] RMSE: 0.2185
[Similarity_doc_topic] RMSE: 0.3448
[Similarity_half] RMSE:  0.2985
--------------------------------------------------

2024-05-22 22:46:28,146 - Utils - DEBUG 
---------------------- RMSE ---------------------- 
[mySimilarity] RMSE: 0.2878
[Similarity_cosine] RMSE: 0.2185
[Similarity_doc_topic] RMSE: 0.3448
[Similarity_half] RMSE:  0.2985
--------------------------------------------------

2024-05-22 22:49:20,149 - Utils - DEBUG 
---------------------- RMSE ---------------------- 
[mySimilarity] RMSE: 0.2878
[Similarity_cosine] RMSE: 0.2185
[Similarity_doc_topic] RMSE: 0.3448
[Similarity_half] RMSE:  0.2985
--------------------------------------------------

2024-05-22 22:49:59,289 - Utils - DEBUG 
---------------------- RMSE ---------------------- 
[mySimilarity] RMSE: 0.2878
[Similarity_cosine] RMSE: 0.2185
[Similarity_doc_topic] RMSE: 0.3448
[Similarity_half] RMSE:  0.2985
--------------------------------------------------

2024-05-22 22:51:02,043 - Utils - DEBUG 
---------------------- RMSE ---------------------- 
[mySimilarity] RMSE: 0.2878
[Similarity_cosine] RMSE: 0.2185
[Similarity_doc_topic] RMSE: 0.3448
[Similarity_half] RMSE:  0.2985
--------------------------------------------------

2024-05-22 22:51:52,892 - Utils - DEBUG 
---------------------- RMSE ---------------------- 
[mySimilarity] RMSE: 0.2878
[Similarity_cosine] RMSE: 0.2185
[Similarity_doc_topic] RMSE: 0.3448
[Similarity_half] RMSE:  0.2985
--------------------------------------------------

2024-05-22 22:52:38,178 - Utils - DEBUG 
---------------------- RMSE ---------------------- 
[mySimilarity] RMSE: 0.2878
[Similarity_cosine] RMSE: 0.2185
[Similarity_doc_topic] RMSE: 0.3448
[Similarity_half] RMSE:  0.2985
--------------------------------------------------

2024-05-22 22:53:43,477 - Utils - DEBUG 
---------------------- RMSE ---------------------- 
[mySimilarity] RMSE: 0.2878
[Similarity_cosine] RMSE: 0.2185
[Similarity_doc_topic] RMSE: 0.3448
[Similarity_half] RMSE:  0.2985
--------------------------------------------------

2024-05-22 22:55:31,155 - Utils - DEBUG 
---------------------- RMSE ---------------------- 
[mySimilarity] RMSE: 0.2878
[Similarity_cosine] RMSE: 0.2185
[Similarity_doc_topic] RMSE: 0.3448
[Similarity_half] RMSE:  0.2985
--------------------------------------------------

2024-05-22 22:59:27,324 - Utils - DEBUG 
---------------------- RMSE ---------------------- 
[mySimilarity] RMSE: 0.2878
[Similarity_cosine] RMSE: 0.2185
[Similarity_doc_topic] RMSE: 0.3448
[Similarity_half] RMSE:  0.2985
--------------------------------------------------

2024-05-22 23:00:14,363 - Utils - DEBUG 
---------------------- RMSE ---------------------- 
[mySimilarity] RMSE: 0.2878
[Similarity_cosine] RMSE: 0.2185
[Similarity_doc_topic] RMSE: 0.3448
[Similarity_half] RMSE:  0.2985
--------------------------------------------------

2024-05-22 23:01:08,950 - Utils - DEBUG 
---------------------- RMSE ---------------------- 
[mySimilarity] RMSE: 0.2878
[Similarity_cosine] RMSE: 0.2185
[Similarity_doc_topic] RMSE: 0.3448
[Similarity_half] RMSE:  0.2985
--------------------------------------------------

2024-05-22 23:02:57,455 - Utils - DEBUG 
---------------------- RMSE ---------------------- 
[mySimilarity] RMSE: 0.2878
[Similarity_cosine] RMSE: 0.2185
[Similarity_doc_topic] RMSE: 0.3448
[Similarity_half] RMSE:  0.2985
--------------------------------------------------

2024-05-22 23:41:23,064 - Utils - DEBUG 
---------------------- RMSE ---------------------- 
[0, +inf] RMSE smaller is better.
[mySimilarity] RMSE: 0.2878
[Similarity_cosine] RMSE: 0.2185
[Similarity_doc_topic] RMSE: 0.3448
[Similarity_half] RMSE:  0.2985
--------------------------------------------------

2024-05-22 23:41:23,066 - Utils - DEBUG 
---------------------- Correlation ---------------------- 
[-1, 1] Correlation bigger is better.
[mySimilarity] CORR: 0.4755
[Similarity_cosine] CORR: 0.7056
[Similarity_doc_topic] CORR: 0.6219
[Similarity_half] CORR:  nan
---------------------------------------------------------

2024-05-22 23:41:23,069 - Utils - DEBUG 
---------------------- F1-score ---------------------- 
[0, 1] F1-score bigger is better.
[mySimilarity] CORR: 0.6809
[Similarity_cosine] CORR: 0.6923
[Similarity_doc_topic] CORR: 0.8224
[Similarity_half] CORR:  0.0
------------------------------------------------------

2024-05-22 23:53:17,032 - Utils - DEBUG 
---------------------- RMSE ---------------------- 
[0, +inf] RMSE smaller is better.
[mySimilarity] RMSE: 0.2878
[Similarity_cosine] RMSE: 0.2185
[Similarity_doc_topic] RMSE: 0.3448
[Similarity_half] RMSE:  0.2985
--------------------------------------------------

2024-05-22 23:53:17,033 - Utils - DEBUG 
---------------------- Correlation ---------------------- 
[-1, 1] Correlation bigger is better.
[mySimilarity] CORR: 0.4755
[Similarity_cosine] CORR: 0.7056
[Similarity_doc_topic] CORR: 0.6219
[Similarity_half] CORR:  nan
---------------------------------------------------------

2024-05-22 23:53:17,036 - Utils - DEBUG 
---------------------- F1-score ---------------------- 
[0, 1] F1-score bigger is better.
[mySimilarity] CORR: 0.6809
[Similarity_cosine] CORR: 0.6923
[Similarity_doc_topic] CORR: 0.8224
[Similarity_half] CORR:  0.0
------------------------------------------------------

2024-05-23 01:07:01,759 - Utils - DEBUG 
---------------------- RMSE ---------------------- 
[0, +inf] RMSE smaller is better.
[mySimilarity] RMSE: 0.3252
[Similarity_cosine] RMSE: 0.2185
[Similarity_doc_topic] RMSE: 0.3448
[Similarity_half] RMSE:  0.3988
--------------------------------------------------

2024-05-23 01:07:01,760 - Utils - DEBUG 
---------------------- Correlation ---------------------- 
[-1, 1] Correlation bigger is better.
[mySimilarity] CORR: 0.5627
[Similarity_cosine] CORR: 0.7056
[Similarity_doc_topic] CORR: 0.6219
[Similarity_half] CORR:  0.0854
---------------------------------------------------------

2024-05-23 01:07:01,763 - Utils - DEBUG 
---------------------- F1-score ---------------------- 
[0, 1] F1-score bigger is better.
[mySimilarity] CORR: 0.7156
[Similarity_cosine] CORR: 0.6923
[Similarity_doc_topic] CORR: 0.8224
[Similarity_half] CORR:  0.5495
------------------------------------------------------

2024-05-23 02:52:51,105 - Utils - DEBUG 
---------------------- RMSE ---------------------- 
[0, +inf] RMSE smaller is better.
[mySimilarity] RMSE: 0.3238
[Similarity_cosine] RMSE: 0.2185
[Similarity_doc_topic] RMSE: 0.3448
[Similarity_half] RMSE:  0.4284
--------------------------------------------------

2024-05-23 02:52:51,106 - Utils - DEBUG 
---------------------- Correlation ---------------------- 
[-1, 1] Correlation bigger is better.
[mySimilarity] CORR: 0.5667
[Similarity_cosine] CORR: 0.7056
[Similarity_doc_topic] CORR: 0.6219
[Similarity_half] CORR:  0.0177
---------------------------------------------------------

2024-05-23 02:52:51,110 - Utils - DEBUG 
---------------------- F1-score ---------------------- 
[0, 1] F1-score bigger is better.
[mySimilarity] CORR: 0.7156
[Similarity_cosine] CORR: 0.6923
[Similarity_doc_topic] CORR: 0.8224
[Similarity_half] CORR:  0.5567
------------------------------------------------------

2024-05-23 11:09:20,263 - Utils - DEBUG 
---------------------- RMSE ---------------------- 
[0, +inf] RMSE smaller is better.
[mySimilarity] RMSE: 0.3238
[Similarity_cosine] RMSE: 0.2185
[Similarity_doc_topic] RMSE: 0.3448
[Similarity_half] RMSE:  0.3866
--------------------------------------------------

2024-05-23 11:09:20,264 - Utils - DEBUG 
---------------------- Correlation ---------------------- 
[-1, 1] Correlation bigger is better.
[mySimilarity] CORR: 0.5667
[Similarity_cosine] CORR: 0.7056
[Similarity_doc_topic] CORR: 0.6219
[Similarity_half] CORR:  0.0732
---------------------------------------------------------

2024-05-23 11:09:20,268 - Utils - DEBUG 
---------------------- F1-score ---------------------- 
[0, 1] F1-score bigger is better.
[mySimilarity] CORR: 0.7156
[Similarity_cosine] CORR: 0.6923
[Similarity_doc_topic] CORR: 0.8224
[Similarity_half] CORR:  0.5567
------------------------------------------------------

2024-05-23 19:53:26,501 - Utils - DEBUG 
---------------------- RMSE ---------------------- 
[0, +inf] RMSE smaller is better.
[mySimilarity] RMSE: 0.5356
[Similarity_cosine] RMSE: 0.2185
[Similarity_doc_topic] RMSE: 0.3448
[Similarity_half] RMSE:  0.4057
--------------------------------------------------

2024-05-23 19:53:26,504 - Utils - DEBUG 
---------------------- Correlation ---------------------- 
[-1, 1] Correlation bigger is better.
[mySimilarity] CORR: -0.5472
[Similarity_cosine] CORR: 0.7056
[Similarity_doc_topic] CORR: 0.6219
[Similarity_half] CORR:  0.0183
---------------------------------------------------------

2024-05-23 19:53:26,508 - Utils - DEBUG 
---------------------- F1-score ---------------------- 
[0, 1] F1-score bigger is better.
[mySimilarity] CORR: 0.0333
[Similarity_cosine] CORR: 0.6923
[Similarity_doc_topic] CORR: 0.8224
[Similarity_half] CORR:  0.4444
------------------------------------------------------

2024-05-23 21:30:31,226 - Utils - DEBUG 
---------------------- RMSE ---------------------- 
[0, +inf] RMSE smaller is better.
[mySimilarity] RMSE: 0.3238
[Similarity_cosine] RMSE: 0.2185
[Similarity_doc_topic] RMSE: 0.3448
[Similarity_half] RMSE:  0.4371
--------------------------------------------------

2024-05-23 21:30:31,228 - Utils - DEBUG 
---------------------- Correlation ---------------------- 
[-1, 1] Correlation bigger is better.
[mySimilarity] CORR: 0.5667
[Similarity_cosine] CORR: 0.7056
[Similarity_doc_topic] CORR: 0.6219
[Similarity_half] CORR:  -0.1316
---------------------------------------------------------

2024-05-23 21:30:31,232 - Utils - DEBUG 
---------------------- F1-score ---------------------- 
[0, 1] F1-score bigger is better.
[mySimilarity] CORR: 0.7156
[Similarity_cosine] CORR: 0.6923
[Similarity_doc_topic] CORR: 0.8224
[Similarity_half] CORR:  0.449
------------------------------------------------------

2024-05-24 14:23:48,174 - Utils - DEBUG 
---------------------- RMSE ---------------------- 
[0, +inf] RMSE smaller is better.
[mySimilarity] RMSE: None
[Similarity_cosine] RMSE: 0.2185
[Similarity_doc_topic] RMSE: 0.3448
[Similarity_half] RMSE:  0.4371
--------------------------------------------------

2024-05-24 14:23:48,176 - Utils - DEBUG 
---------------------- Correlation ---------------------- 
[-1, 1] Correlation bigger is better.
[mySimilarity] CORR: None
[Similarity_cosine] CORR: 0.7056
[Similarity_doc_topic] CORR: 0.6219
[Similarity_half] CORR:  -0.1316
---------------------------------------------------------

2024-05-24 14:23:48,178 - Utils - DEBUG 
---------------------- F1-score ---------------------- 
[0, 1] F1-score bigger is better.
[mySimilarity] CORR: None
[Similarity_cosine] CORR: 0.6923
[Similarity_doc_topic] CORR: 0.8224
[Similarity_half] CORR:  0.449
------------------------------------------------------

2024-05-24 14:30:54,829 - Utils - DEBUG 
---------------------- RMSE ---------------------- 
[0, +inf] RMSE smaller is better.
[mySimilarity] RMSE: None
[Similarity_cosine] RMSE: 0.2185
[Similarity_doc_topic] RMSE: 0.3448
[Similarity_half] RMSE:  0.4371
--------------------------------------------------

2024-05-24 14:30:54,830 - Utils - DEBUG 
---------------------- Correlation ---------------------- 
[-1, 1] Correlation bigger is better.
[mySimilarity] CORR: None
[Similarity_cosine] CORR: 0.7056
[Similarity_doc_topic] CORR: 0.6219
[Similarity_half] CORR:  -0.1316
---------------------------------------------------------

2024-05-24 14:30:54,832 - Utils - DEBUG 
---------------------- F1-score ---------------------- 
[0, 1] F1-score bigger is better.
[mySimilarity] CORR: None
[Similarity_cosine] CORR: 0.6923
[Similarity_doc_topic] CORR: 0.8224
[Similarity_half] CORR:  0.449
------------------------------------------------------

2024-05-24 14:59:03,568 - Utils - DEBUG 
---------------------- RMSE ---------------------- 
[0, +inf] RMSE smaller is better.
[mySimilarity] RMSE: None
[Similarity_cosine] RMSE: 0.2185
[Similarity_doc_topic] RMSE: 0.3448
[Similarity_half] RMSE:  0.4371
--------------------------------------------------

2024-05-24 14:59:03,569 - Utils - DEBUG 
---------------------- Correlation ---------------------- 
[-1, 1] Correlation bigger is better.
[mySimilarity] CORR: None
[Similarity_cosine] CORR: 0.7056
[Similarity_doc_topic] CORR: 0.6219
[Similarity_half] CORR:  -0.1316
---------------------------------------------------------

2024-05-24 14:59:03,572 - Utils - DEBUG 
---------------------- F1-score ---------------------- 
[0, 1] F1-score bigger is better.
[mySimilarity] CORR: None
[Similarity_cosine] CORR: 0.6923
[Similarity_doc_topic] CORR: 0.8224
[Similarity_half] CORR:  0.449
------------------------------------------------------

2024-05-24 15:24:43,094 - Utils - DEBUG 
---------------------- RMSE ---------------------- 
[0, +inf] RMSE smaller is better.
[mySimilarity] RMSE: None
[Similarity_cosine] RMSE: 0.2185
[Similarity_doc_topic] RMSE: 0.3448
[Similarity_sentence_topic] RMSE:  0.2507
--------------------------------------------------

2024-05-24 15:24:43,095 - Utils - DEBUG 
---------------------- Correlation ---------------------- 
[-1, 1] Correlation bigger is better.
[mySimilarity] CORR: None
[Similarity_cosine] CORR: 0.7056
[Similarity_doc_topic] CORR: 0.6219
[Similarity_sentence_topic] CORR:  0.5448
---------------------------------------------------------

2024-05-24 15:24:43,098 - Utils - DEBUG 
---------------------- F1-score ---------------------- 
[0, 1] F1-score bigger is better.
[mySimilarity] CORR: None
[Similarity_cosine] CORR: 0.6923
[Similarity_doc_topic] CORR: 0.8224
[Similarity_sentence_topic] CORR:  0.7551
------------------------------------------------------

2024-05-24 15:32:05,842 - Utils - DEBUG 
---------------------- RMSE ---------------------- 
[0, +inf] RMSE smaller is better.
[mySimilarity] RMSE: 0.3238
[Similarity_cosine] RMSE: 0.2185
[Similarity_doc_topic] RMSE: 0.3448
[Similarity_sentence_topic] RMSE:  0.2507
--------------------------------------------------

2024-05-24 15:32:05,843 - Utils - DEBUG 
---------------------- Correlation ---------------------- 
[-1, 1] Correlation bigger is better.
[mySimilarity] CORR: 0.5667
[Similarity_cosine] CORR: 0.7056
[Similarity_doc_topic] CORR: 0.6219
[Similarity_sentence_topic] CORR:  0.5448
---------------------------------------------------------

2024-05-24 15:32:05,845 - Utils - DEBUG 
---------------------- F1-score ---------------------- 
[0, 1] F1-score bigger is better.
[mySimilarity] CORR: 0.7156
[Similarity_cosine] CORR: 0.6923
[Similarity_doc_topic] CORR: 0.8224
[Similarity_sentence_topic] CORR:  0.7551
------------------------------------------------------

2024-05-24 19:19:39,391 - Utils - DEBUG 
---------------------- RMSE ---------------------- 
[0, +inf] RMSE smaller is better.
[mySimilarity] RMSE: 0.3238
[Similarity_cosine] RMSE: 0.2185
[Similarity_doc_topic] RMSE: 0.3448
[Similarity_sentence_topic] RMSE:  0.2504
--------------------------------------------------

2024-05-24 19:19:39,393 - Utils - DEBUG 
---------------------- Correlation ---------------------- 
[-1, 1] Correlation bigger is better.
[mySimilarity] CORR: 0.5667
[Similarity_cosine] CORR: 0.7056
[Similarity_doc_topic] CORR: 0.6219
[Similarity_sentence_topic] CORR:  0.5459
---------------------------------------------------------

2024-05-24 19:19:39,397 - Utils - DEBUG 
---------------------- F1-score ---------------------- 
[0, 1] F1-score bigger is better.
[mySimilarity] F1-score: 0.7156
[Similarity_cosine] F1-score: 0.6923
[Similarity_doc_topic] F1-score: 0.8224
[Similarity_sentence_topic] F1-score:  0.7475
------------------------------------------------------

2024-05-24 23:19:05,120 - Utils - DEBUG 
---------------------- RMSE ---------------------- 
[0, +inf] RMSE smaller is better.
[mySimilarity] RMSE: 0.6109
[Similarity_cosine] RMSE: 0.2185
[Similarity_doc_topic] RMSE: 0.3448
[Similarity_sentence_topic] RMSE:  0.6109
--------------------------------------------------

2024-05-24 23:19:05,121 - Utils - DEBUG 
---------------------- Correlation ---------------------- 
[-1, 1] Correlation bigger is better.
[mySimilarity] CORR: nan
[Similarity_cosine] CORR: 0.7056
[Similarity_doc_topic] CORR: 0.6219
[Similarity_sentence_topic] CORR:  nan
---------------------------------------------------------

2024-05-24 23:19:05,126 - Utils - DEBUG 
---------------------- F1-score ---------------------- 
[0, 1] F1-score bigger is better.
[mySimilarity] F1-score: 0.6577
[Similarity_cosine] F1-score: 0.6923
[Similarity_doc_topic] F1-score: 0.8224
[Similarity_sentence_topic] F1-score:  0.6577
------------------------------------------------------

2024-05-25 03:02:21,404 - Utils - DEBUG 
---------------------- RMSE ---------------------- 
[0, +inf] RMSE smaller is better.
[mySimilarity] RMSE: 0.6109
[Similarity_cosine] RMSE: 0.2185
[Similarity_doc_topic] RMSE: 0.3448
[Similarity_sentence_topic] RMSE:  0.6109
--------------------------------------------------

2024-05-25 03:02:21,405 - Utils - DEBUG 
---------------------- Correlation ---------------------- 
[-1, 1] Correlation bigger is better.
[mySimilarity] CORR: nan
[Similarity_cosine] CORR: 0.7056
[Similarity_doc_topic] CORR: 0.6219
[Similarity_sentence_topic] CORR:  nan
---------------------------------------------------------

2024-05-25 03:02:21,409 - Utils - DEBUG 
---------------------- F1-score ---------------------- 
[0, 1] F1-score bigger is better.
[mySimilarity] F1-score: 0.6577
[Similarity_cosine] F1-score: 0.6923
[Similarity_doc_topic] F1-score: 0.8224
[Similarity_sentence_topic] F1-score:  0.6577
------------------------------------------------------

2024-05-25 09:28:06,758 - Utils - DEBUG 
---------------------- RMSE ---------------------- 
[0, +inf] RMSE smaller is better.
[mySimilarity] RMSE: 0.3253
[Similarity_cosine] RMSE: 0.2185
[Similarity_doc_topic] RMSE: 0.3448
[Similarity_sentence_topic] RMSE:  0.2507
--------------------------------------------------

2024-05-25 09:28:06,759 - Utils - DEBUG 
---------------------- Correlation ---------------------- 
[-1, 1] Correlation bigger is better.
[mySimilarity] CORR: 0.5619
[Similarity_cosine] CORR: 0.7056
[Similarity_doc_topic] CORR: 0.6219
[Similarity_sentence_topic] CORR:  0.5431
---------------------------------------------------------

2024-05-25 09:28:06,762 - Utils - DEBUG 
---------------------- F1-score ---------------------- 
[0, 1] F1-score bigger is better.
[mySimilarity] F1-score: 0.7156
[Similarity_cosine] F1-score: 0.6923
[Similarity_doc_topic] F1-score: 0.8224
[Similarity_sentence_topic] F1-score:  0.7475
------------------------------------------------------

2024-05-25 09:48:04,424 - Utils - DEBUG 
---------------------- RMSE ---------------------- 
[0, +inf] RMSE smaller is better.
[mySimilarity] RMSE: None
[Similarity_cosine] RMSE: 0.2185
[Similarity_doc_topic] RMSE: 0.3448
[Similarity_sentence_topic] RMSE:  0.2506
--------------------------------------------------

2024-05-25 09:48:04,425 - Utils - DEBUG 
---------------------- Correlation ---------------------- 
[-1, 1] Correlation bigger is better.
[mySimilarity] CORR: None
[Similarity_cosine] CORR: 0.7056
[Similarity_doc_topic] CORR: 0.6219
[Similarity_sentence_topic] CORR:  0.5442
---------------------------------------------------------

2024-05-25 09:48:04,427 - Utils - DEBUG 
---------------------- F1-score ---------------------- 
[0, 1] F1-score bigger is better.
[mySimilarity] F1-score: None
[Similarity_cosine] F1-score: 0.6923
[Similarity_doc_topic] F1-score: 0.8224
[Similarity_sentence_topic] F1-score:  0.7551
------------------------------------------------------

2024-05-25 10:15:23,811 - Utils - DEBUG 
---------------------- RMSE ---------------------- 
[0, +inf] RMSE smaller is better.
[mySimilarity] RMSE: 0.3253
[Similarity_cosine] RMSE: 0.2185
[Similarity_doc_topic] RMSE: 0.3448
[Similarity_sentence_topic] RMSE:  0.2506
--------------------------------------------------

2024-05-25 10:15:23,812 - Utils - DEBUG 
---------------------- Correlation ---------------------- 
[-1, 1] Correlation bigger is better.
[mySimilarity] CORR: 0.5619
[Similarity_cosine] CORR: 0.7056
[Similarity_doc_topic] CORR: 0.6219
[Similarity_sentence_topic] CORR:  0.5442
---------------------------------------------------------

2024-05-25 10:15:23,815 - Utils - DEBUG 
---------------------- F1-score ---------------------- 
[0, 1] F1-score bigger is better.
[mySimilarity] F1-score: 0.7156
[Similarity_cosine] F1-score: 0.6923
[Similarity_doc_topic] F1-score: 0.8224
[Similarity_sentence_topic] F1-score:  0.7551
------------------------------------------------------

2024-06-15 23:18:28,710 - Utils - DEBUG 
---------------------- RMSE ---------------------- 
[0, +inf] RMSE smaller is better.
[mySimilarity] RMSE: 0.327
[Similarity_cosine] RMSE: 0.2185
[Similarity_doc_topic] RMSE: 0.3448
[Similarity_sentence_topic] RMSE: 0.2507
--------------------------------------------------

2024-06-15 23:18:28,714 - Utils - DEBUG 
---------------------- Correlation ---------------------- 
[-1, 1] Correlation bigger is better.
[mySimilarity] CORR: 0.5588
[Similarity_cosine] CORR: 0.7056
[Similarity_doc_topic] CORR: 0.6219
[Similarity_sentence_topic] CORR: 0.5447
---------------------------------------------------------

2024-06-15 23:18:28,721 - Utils - DEBUG 
---------------------- F1-score ---------------------- 
[0, 1] F1-score bigger is better.
[mySimilarity] F1-score: 0.7156
[Similarity_cosine] F1-score: 0.6923
[Similarity_doc_topic] F1-score: 0.8224
[Similarity_sentence_topic] F1-score: 0.7551
------------------------------------------------------

2024-10-19 18:05:04,048 - Utils - DEBUG 
---------------------- RMSE ---------------------- 
[0, +inf] RMSE smaller is better.
[mySimilarity] RMSE: 0.3241
[Similarity_cosine] RMSE: 0.2185
[Similarity_doc_topic] RMSE: 0.3448
[Similarity_sentence_topic] RMSE: 0.2511
--------------------------------------------------

2024-10-19 18:05:04,050 - Utils - DEBUG 
---------------------- Correlation ---------------------- 
[-1, 1] Correlation bigger is better.
[mySimilarity] CORR: 0.5658
[Similarity_cosine] CORR: 0.7056
[Similarity_doc_topic] CORR: 0.6219
[Similarity_sentence_topic] CORR: 0.5427
---------------------------------------------------------

2024-10-19 18:05:04,055 - Utils - DEBUG 
---------------------- F1-score ---------------------- 
[0, 1] F1-score bigger is better.
[mySimilarity] F1-score: 0.7156
[Similarity_cosine] F1-score: 0.6923
[Similarity_doc_topic] F1-score: 0.8224
[Similarity_sentence_topic] F1-score: 0.7475
------------------------------------------------------

